[15-Feb-2021 08:47:30 UTC] PHP Notice:  Undefined index: action in E:\Apache24\htdocs\production\smc\global\lps\stats\inboundStockroom.php on line 4
[15-Feb-2021 08:47:30 UTC] PHP Notice:  Undefined variable: syear in E:\Apache24\htdocs\production\smc\global\lps\stats\inboundStockroom.php on line 18
[15-Feb-2021 08:47:30 UTC] PHP Notice:  Undefined variable: smonth in E:\Apache24\htdocs\production\smc\global\lps\stats\inboundStockroom.php on line 18
[15-Feb-2021 08:47:30 UTC] PHP Notice:  Undefined variable: sday in E:\Apache24\htdocs\production\smc\global\lps\stats\inboundStockroom.php on line 18
[15-Feb-2021 08:47:30 UTC] PHP Notice:  Undefined variable: eyear in E:\Apache24\htdocs\production\smc\global\lps\stats\inboundStockroom.php on line 22
[15-Feb-2021 08:47:30 UTC] PHP Notice:  Undefined variable: emonth in E:\Apache24\htdocs\production\smc\global\lps\stats\inboundStockroom.php on line 22
[15-Feb-2021 08:47:30 UTC] PHP Notice:  Undefined variable: eday in E:\Apache24\htdocs\production\smc\global\lps\stats\inboundStockroom.php on line 22
[15-Feb-2021 08:47:36 UTC] PHP Notice:  Undefined variable: conn in E:\Apache24\htdocs\production\smc\global\lps\stats\inboundStockroom.php on line 62
[15-Feb-2021 08:48:46 UTC] PHP Notice:  Undefined index: action in E:\Apache24\htdocs\production\smc\global\lps\stats\inboundStockroom.php on line 4
[15-Feb-2021 08:48:46 UTC] PHP Notice:  Undefined variable: syear in E:\Apache24\htdocs\production\smc\global\lps\stats\inboundStockroom.php on line 18
[15-Feb-2021 08:48:46 UTC] PHP Notice:  Undefined variable: smonth in E:\Apache24\htdocs\production\smc\global\lps\stats\inboundStockroom.php on line 18
[15-Feb-2021 08:48:46 UTC] PHP Notice:  Undefined variable: sday in E:\Apache24\htdocs\production\smc\global\lps\stats\inboundStockroom.php on line 18
[15-Feb-2021 08:48:46 UTC] PHP Notice:  Undefined variable: eyear in E:\Apache24\htdocs\production\smc\global\lps\stats\inboundStockroom.php on line 22
[15-Feb-2021 08:48:46 UTC] PHP Notice:  Undefined variable: emonth in E:\Apache24\htdocs\production\smc\global\lps\stats\inboundStockroom.php on line 22
[15-Feb-2021 08:48:46 UTC] PHP Notice:  Undefined variable: eday in E:\Apache24\htdocs\production\smc\global\lps\stats\inboundStockroom.php on line 22
[16-Feb-2021 12:18:34 UTC] PHP Notice:  Undefined index: action in E:\Apache24\htdocs\production\smc\global\lps\stats\inboundStockroom.php on line 4
[16-Feb-2021 12:18:34 UTC] PHP Notice:  Undefined variable: syear in E:\Apache24\htdocs\production\smc\global\lps\stats\inboundStockroom.php on line 18
[16-Feb-2021 12:18:34 UTC] PHP Notice:  Undefined variable: smonth in E:\Apache24\htdocs\production\smc\global\lps\stats\inboundStockroom.php on line 18
[16-Feb-2021 12:18:34 UTC] PHP Notice:  Undefined variable: sday in E:\Apache24\htdocs\production\smc\global\lps\stats\inboundStockroom.php on line 18
[16-Feb-2021 12:18:34 UTC] PHP Notice:  Undefined variable: eyear in E:\Apache24\htdocs\production\smc\global\lps\stats\inboundStockroom.php on line 22
[16-Feb-2021 12:18:34 UTC] PHP Notice:  Undefined variable: emonth in E:\Apache24\htdocs\production\smc\global\lps\stats\inboundStockroom.php on line 22
[16-Feb-2021 12:18:34 UTC] PHP Notice:  Undefined variable: eday in E:\Apache24\htdocs\production\smc\global\lps\stats\inboundStockroom.php on line 22
[23-Feb-2021 19:36:24 UTC] PHP Notice:  Undefined index: mtp in E:\Apache24\htdocs\production\smc\global\lps\stats\timeAudit.php on line 25
[23-Feb-2021 19:37:31 UTC] PHP Notice:  Undefined index: action in E:\Apache24\htdocs\production\smc\global\lps\stats\stockroomConfirmation.php on line 61
[23-Feb-2021 19:37:31 UTC] PHP Notice:  Undefined variable: syear in E:\Apache24\htdocs\production\smc\global\lps\stats\stockroomConfirmation.php on line 77
[23-Feb-2021 19:37:31 UTC] PHP Notice:  Undefined variable: smonth in E:\Apache24\htdocs\production\smc\global\lps\stats\stockroomConfirmation.php on line 77
[23-Feb-2021 19:37:31 UTC] PHP Notice:  Undefined variable: sday in E:\Apache24\htdocs\production\smc\global\lps\stats\stockroomConfirmation.php on line 77
[23-Feb-2021 19:37:31 UTC] PHP Notice:  Undefined variable: eyear in E:\Apache24\htdocs\production\smc\global\lps\stats\stockroomConfirmation.php on line 81
[23-Feb-2021 19:37:31 UTC] PHP Notice:  Undefined variable: emonth in E:\Apache24\htdocs\production\smc\global\lps\stats\stockroomConfirmation.php on line 81
[23-Feb-2021 19:37:32 UTC] PHP Notice:  Undefined variable: eday in E:\Apache24\htdocs\production\smc\global\lps\stats\stockroomConfirmation.php on line 81
[23-Feb-2021 19:37:45 UTC] PHP Notice:  Undefined index: action in E:\Apache24\htdocs\production\smc\global\lps\stats\stockroomConfirmation.php on line 61
[23-Feb-2021 19:37:45 UTC] PHP Notice:  Undefined variable: syear in E:\Apache24\htdocs\production\smc\global\lps\stats\stockroomConfirmation.php on line 77
[23-Feb-2021 19:37:45 UTC] PHP Notice:  Undefined variable: smonth in E:\Apache24\htdocs\production\smc\global\lps\stats\stockroomConfirmation.php on line 77
[23-Feb-2021 19:37:45 UTC] PHP Notice:  Undefined variable: sday in E:\Apache24\htdocs\production\smc\global\lps\stats\stockroomConfirmation.php on line 77
[23-Feb-2021 19:37:45 UTC] PHP Notice:  Undefined variable: eyear in E:\Apache24\htdocs\production\smc\global\lps\stats\stockroomConfirmation.php on line 81
[23-Feb-2021 19:37:45 UTC] PHP Notice:  Undefined variable: emonth in E:\Apache24\htdocs\production\smc\global\lps\stats\stockroomConfirmation.php on line 81
[23-Feb-2021 19:37:45 UTC] PHP Notice:  Undefined variable: eday in E:\Apache24\htdocs\production\smc\global\lps\stats\stockroomConfirmation.php on line 81
